2014-11-11 21:36:32,865 - cs889.gui.interactiveFeatureSelection.AttributeSelectionPanel - DEBUG - Activity: view Tree
2014-11-11 21:36:32,869 - cs889.gui.interactiveFeatureSelection.AttributeSelectionPanel - DEBUG - The current selected features are: education_AHGA,major_occupation_code_AMJOCC,occupation_code_ADTOCC,age_AAGE,detailed_household_and_family_stat_HHDFMX,Class
2014-11-11 21:36:33,308 - cs889.gui.interactiveFeatureSelection.AttributeSelectionPanel - DEBUG - 
above,0.861,0.223,0.777,0.139,0.794280442804428,0.861,0.8262955854126679
below,0.777,0.139,0.861,0.223,0.8482532751091703,0.777,0.8110647181628392
Weighted Result,0.819,0.181,0.819,0.181,0.8212668589567991,0.819,0.8186801517877537

2014-11-11 21:36:39,110 - cs889.gui.interactiveFeatureSelection.AttributeSelectionPanel - DEBUG - Activity: view Result
2014-11-11 21:36:39,110 - cs889.gui.interactiveFeatureSelection.AttributeSelectionPanel - DEBUG - The current selected features are: education_AHGA,major_occupation_code_AMJOCC,occupation_code_ADTOCC,age_AAGE,detailed_household_and_family_stat_HHDFMX,Class
2014-11-11 21:36:39,258 - cs889.gui.interactiveFeatureSelection.AttributeSelectionPanel - DEBUG - 
above,0.861,0.223,0.777,0.139,0.794280442804428,0.861,0.8262955854126679
below,0.777,0.139,0.861,0.223,0.8482532751091703,0.777,0.8110647181628392
Weighted Result,0.819,0.181,0.819,0.181,0.8212668589567991,0.819,0.8186801517877537

2014-11-11 21:36:42,712 - cs889.gui.interactiveFeatureSelection.Algorithm1AttributeSelectionPanel - DEBUG - Activity: view Tree
2014-11-11 21:36:42,712 - cs889.gui.interactiveFeatureSelection.Algorithm1AttributeSelectionPanel - DEBUG - The current selected features are: education_AHGA,major_occupation_code_AMJOCC,occupation_code_ADTOCC,detailed_household_and_family_stat_HHDFMX,age_AAGE,Class
2014-11-11 21:36:42,763 - cs889.gui.interactiveFeatureSelection.Algorithm1AttributeSelectionPanel - DEBUG - 
above,0.861,0.223,0.777,0.139,0.794280442804428,0.861,0.8262955854126679
below,0.777,0.139,0.861,0.223,0.8482532751091703,0.777,0.8110647181628392
Weighted Result,0.819,0.181,0.819,0.181,0.8212668589567991,0.819,0.8186801517877537

2014-11-11 21:36:45,921 - cs889.gui.interactiveFeatureSelection.Algorithm1AttributeSelectionPanel - DEBUG - Activity: view Result
2014-11-11 21:36:45,921 - cs889.gui.interactiveFeatureSelection.Algorithm1AttributeSelectionPanel - DEBUG - The current selected features are: education_AHGA,major_occupation_code_AMJOCC,occupation_code_ADTOCC,detailed_household_and_family_stat_HHDFMX,age_AAGE,Class
2014-11-11 21:36:45,967 - cs889.gui.interactiveFeatureSelection.Algorithm1AttributeSelectionPanel - DEBUG - 
above,0.861,0.223,0.777,0.139,0.794280442804428,0.861,0.8262955854126679
below,0.777,0.139,0.861,0.223,0.8482532751091703,0.777,0.8110647181628392
Weighted Result,0.819,0.181,0.819,0.181,0.8212668589567991,0.819,0.8186801517877537

2014-11-11 21:36:49,944 - cs889.gui.interactiveFeatureSelection.Algorithm2AttributeSelectionPanel - DEBUG - Activity: view Tree
2014-11-11 21:36:49,944 - cs889.gui.interactiveFeatureSelection.Algorithm2AttributeSelectionPanel - DEBUG - The current selected features are: education_AHGA,age_AAGE,tax_filer_status_FILESTAT,detailed_household_summary_in_household_HHDREL,detailed_household_and_family_stat_HHDFMX,Class
2014-11-11 21:36:50,012 - cs889.gui.interactiveFeatureSelection.Algorithm2AttributeSelectionPanel - DEBUG - 
above,0.864,0.269,0.731,0.136,0.7625772285966461,0.864,0.810126582278481
below,0.731,0.136,0.864,0.269,0.8431372549019608,0.731,0.7830744509908945
Weighted Result,0.7975,0.2025,0.7975,0.2025,0.8028572417493035,0.7975,0.7966005166346877

2014-11-11 21:36:53,302 - cs889.gui.interactiveFeatureSelection.Algorithm2AttributeSelectionPanel - DEBUG - Activity: view Result
2014-11-11 21:36:53,303 - cs889.gui.interactiveFeatureSelection.Algorithm2AttributeSelectionPanel - DEBUG - The current selected features are: education_AHGA,age_AAGE,tax_filer_status_FILESTAT,detailed_household_summary_in_household_HHDREL,detailed_household_and_family_stat_HHDFMX,Class
2014-11-11 21:36:53,338 - cs889.gui.interactiveFeatureSelection.Algorithm2AttributeSelectionPanel - DEBUG - 
above,0.864,0.269,0.731,0.136,0.7625772285966461,0.864,0.810126582278481
below,0.731,0.136,0.864,0.269,0.8431372549019608,0.731,0.7830744509908945
Weighted Result,0.7975,0.2025,0.7975,0.2025,0.8028572417493035,0.7975,0.7966005166346877

2014-11-11 21:36:56,710 - cs889.gui.interactiveFeatureSelection.Algorithm3AttributeSelectionPanel - DEBUG - Activity: view Tree
2014-11-11 21:36:56,711 - cs889.gui.interactiveFeatureSelection.Algorithm3AttributeSelectionPanel - DEBUG - The current selected features are: major_occupation_code_AMJOCC,occupation_code_ADTOCC,education_AHGA,veterans_benefits_VETYN,major_industry_code_AMJIND,Class
2014-11-11 21:36:56,747 - cs889.gui.interactiveFeatureSelection.Algorithm3AttributeSelectionPanel - DEBUG - 
above,0.8,0.194,0.806,0.2,0.8048289738430584,0.8,0.802407221664995
below,0.806,0.2,0.8,0.194,0.8011928429423459,0.806,0.8035892323030907
Weighted Result,0.803,0.197,0.803,0.197,0.8030109083927022,0.803,0.8029982269840429

2014-11-11 21:37:00,030 - cs889.gui.interactiveFeatureSelection.Algorithm3AttributeSelectionPanel - DEBUG - Activity: view Result
2014-11-11 21:37:00,031 - cs889.gui.interactiveFeatureSelection.Algorithm3AttributeSelectionPanel - DEBUG - The current selected features are: major_occupation_code_AMJOCC,occupation_code_ADTOCC,education_AHGA,veterans_benefits_VETYN,major_industry_code_AMJIND,Class
2014-11-11 21:37:00,065 - cs889.gui.interactiveFeatureSelection.Algorithm3AttributeSelectionPanel - DEBUG - 
above,0.8,0.194,0.806,0.2,0.8048289738430584,0.8,0.802407221664995
below,0.806,0.2,0.8,0.194,0.8011928429423459,0.806,0.8035892323030907
Weighted Result,0.803,0.197,0.803,0.197,0.8030109083927022,0.803,0.8029982269840429

2014-11-11 21:37:12,036 - cs889.gui.interactiveFeatureSelection.AttributeSelectionPanel - DEBUG - Activity: view Tree
2014-11-11 21:37:12,036 - cs889.gui.interactiveFeatureSelection.AttributeSelectionPanel - DEBUG - The current selected features are: education_AHGA,major_occupation_code_AMJOCC,occupation_code_ADTOCC,age_AAGE,detailed_household_and_family_stat_HHDFMX,tax_filer_status_FILESTAT,major_industry_code_AMJIND,detailed_household_summary_in_household_HHDREL,veterans_benefits_VETYN,class_of_worker_ACLSWKR,Class
2014-11-11 21:37:12,105 - cs889.gui.interactiveFeatureSelection.AttributeSelectionPanel - DEBUG - 
above,0.825,0.207,0.793,0.175,0.7994186046511628,0.825,0.8120078740157479
below,0.793,0.175,0.825,0.207,0.8192148760330579,0.793,0.8058943089430894
Weighted Result,0.809,0.191,0.809,0.191,0.8093167403421103,0.809,0.8089510914794187

2014-11-11 21:37:15,653 - cs889.gui.interactiveFeatureSelection.AttributeSelectionPanel - DEBUG - Activity: view Result
2014-11-11 21:37:15,654 - cs889.gui.interactiveFeatureSelection.AttributeSelectionPanel - DEBUG - The current selected features are: education_AHGA,major_occupation_code_AMJOCC,occupation_code_ADTOCC,age_AAGE,detailed_household_and_family_stat_HHDFMX,tax_filer_status_FILESTAT,major_industry_code_AMJIND,detailed_household_summary_in_household_HHDREL,veterans_benefits_VETYN,class_of_worker_ACLSWKR,Class
2014-11-11 21:37:15,755 - cs889.gui.interactiveFeatureSelection.AttributeSelectionPanel - DEBUG - 
above,0.825,0.207,0.793,0.175,0.7994186046511628,0.825,0.8120078740157479
below,0.793,0.175,0.825,0.207,0.8192148760330579,0.793,0.8058943089430894
Weighted Result,0.809,0.191,0.809,0.191,0.8093167403421103,0.809,0.8089510914794187

2014-11-11 21:37:19,053 - cs889.gui.interactiveFeatureSelection.Algorithm1AttributeSelectionPanel - DEBUG - Activity: view Tree
2014-11-11 21:37:19,053 - cs889.gui.interactiveFeatureSelection.Algorithm1AttributeSelectionPanel - DEBUG - The current selected features are: education_AHGA,major_occupation_code_AMJOCC,occupation_code_ADTOCC,detailed_household_and_family_stat_HHDFMX,age_AAGE,tax_filer_status_FILESTAT,major_industry_code_AMJIND,detailed_household_summary_in_household_HHDREL,veterans_benefits_VETYN,class_of_worker_ACLSWKR,Class
2014-11-11 21:37:19,113 - cs889.gui.interactiveFeatureSelection.Algorithm1AttributeSelectionPanel - DEBUG - 
above,0.825,0.207,0.793,0.175,0.7994186046511628,0.825,0.8120078740157479
below,0.793,0.175,0.825,0.207,0.8192148760330579,0.793,0.8058943089430894
Weighted Result,0.809,0.191,0.809,0.191,0.8093167403421103,0.809,0.8089510914794187

2014-11-11 21:37:21,520 - cs889.gui.interactiveFeatureSelection.Algorithm1AttributeSelectionPanel - DEBUG - Activity: view Result
2014-11-11 21:37:21,520 - cs889.gui.interactiveFeatureSelection.Algorithm1AttributeSelectionPanel - DEBUG - The current selected features are: education_AHGA,major_occupation_code_AMJOCC,occupation_code_ADTOCC,detailed_household_and_family_stat_HHDFMX,age_AAGE,tax_filer_status_FILESTAT,major_industry_code_AMJIND,detailed_household_summary_in_household_HHDREL,veterans_benefits_VETYN,class_of_worker_ACLSWKR,Class
2014-11-11 21:37:21,578 - cs889.gui.interactiveFeatureSelection.Algorithm1AttributeSelectionPanel - DEBUG - 
above,0.825,0.207,0.793,0.175,0.7994186046511628,0.825,0.8120078740157479
below,0.793,0.175,0.825,0.207,0.8192148760330579,0.793,0.8058943089430894
Weighted Result,0.809,0.191,0.809,0.191,0.8093167403421103,0.809,0.8089510914794187

2014-11-11 21:37:25,151 - cs889.gui.interactiveFeatureSelection.Algorithm2AttributeSelectionPanel - DEBUG - Activity: view Tree
2014-11-11 21:37:25,151 - cs889.gui.interactiveFeatureSelection.Algorithm2AttributeSelectionPanel - DEBUG - The current selected features are: education_AHGA,age_AAGE,tax_filer_status_FILESTAT,detailed_household_summary_in_household_HHDREL,detailed_household_and_family_stat_HHDFMX,marital_status_AMARITL,fill_inc_questionnaire_for_veteran_admin_VETQVA,family_members_under_18_PARENT,major_occupation_code_AMJOCC,divdends_from_stocks_DIVVAL,Class
2014-11-11 21:37:25,223 - cs889.gui.interactiveFeatureSelection.Algorithm2AttributeSelectionPanel - DEBUG - 
above,0.84,0.218,0.782,0.16,0.7939508506616257,0.84,0.8163265306122449
below,0.782,0.16,0.84,0.218,0.8301486199575372,0.782,0.8053553038105047
Weighted Result,0.811,0.189,0.811,0.189,0.8120497353095815,0.811,0.8108409172113747

2014-11-11 21:37:28,084 - cs889.gui.interactiveFeatureSelection.Algorithm2AttributeSelectionPanel - DEBUG - Activity: view Result
2014-11-11 21:37:28,084 - cs889.gui.interactiveFeatureSelection.Algorithm2AttributeSelectionPanel - DEBUG - The current selected features are: education_AHGA,age_AAGE,tax_filer_status_FILESTAT,detailed_household_summary_in_household_HHDREL,detailed_household_and_family_stat_HHDFMX,marital_status_AMARITL,fill_inc_questionnaire_for_veteran_admin_VETQVA,family_members_under_18_PARENT,major_occupation_code_AMJOCC,divdends_from_stocks_DIVVAL,Class
2014-11-11 21:37:28,139 - cs889.gui.interactiveFeatureSelection.Algorithm2AttributeSelectionPanel - DEBUG - 
above,0.84,0.218,0.782,0.16,0.7939508506616257,0.84,0.8163265306122449
below,0.782,0.16,0.84,0.218,0.8301486199575372,0.782,0.8053553038105047
Weighted Result,0.811,0.189,0.811,0.189,0.8120497353095815,0.811,0.8108409172113747

2014-11-11 21:37:30,933 - cs889.gui.interactiveFeatureSelection.Algorithm3AttributeSelectionPanel - DEBUG - Activity: view Tree
2014-11-11 21:37:30,933 - cs889.gui.interactiveFeatureSelection.Algorithm3AttributeSelectionPanel - DEBUG - The current selected features are: major_occupation_code_AMJOCC,occupation_code_ADTOCC,education_AHGA,veterans_benefits_VETYN,major_industry_code_AMJIND,age_AAGE,detailed_household_and_family_stat_HHDFMX,detailed_household_summary_in_household_HHDREL,class_of_worker_ACLSWKR,industry_code_ADTIND,Class
2014-11-11 21:37:30,993 - cs889.gui.interactiveFeatureSelection.Algorithm3AttributeSelectionPanel - DEBUG - 
above,0.829,0.217,0.783,0.171,0.7925430210325047,0.829,0.8103616813294233
below,0.783,0.171,0.829,0.217,0.8207547169811321,0.783,0.8014329580348004
Weighted Result,0.806,0.194,0.806,0.194,0.8066488690068183,0.806,0.8058973196821119

2014-11-11 21:37:34,091 - cs889.gui.interactiveFeatureSelection.Algorithm3AttributeSelectionPanel - DEBUG - Activity: view Result
2014-11-11 21:37:34,092 - cs889.gui.interactiveFeatureSelection.Algorithm3AttributeSelectionPanel - DEBUG - The current selected features are: major_occupation_code_AMJOCC,occupation_code_ADTOCC,education_AHGA,veterans_benefits_VETYN,major_industry_code_AMJIND,age_AAGE,detailed_household_and_family_stat_HHDFMX,detailed_household_summary_in_household_HHDREL,class_of_worker_ACLSWKR,industry_code_ADTIND,Class
2014-11-11 21:37:34,151 - cs889.gui.interactiveFeatureSelection.Algorithm3AttributeSelectionPanel - DEBUG - 
above,0.829,0.217,0.783,0.171,0.7925430210325047,0.829,0.8103616813294233
below,0.783,0.171,0.829,0.217,0.8207547169811321,0.783,0.8014329580348004
Weighted Result,0.806,0.194,0.806,0.194,0.8066488690068183,0.806,0.8058973196821119

